{"/home/haekal/hacktiv8/haekaly.h8/phase03/server-Q/server/app.js": {"path":"/home/haekal/hacktiv8/haekaly.h8/phase03/server-Q/server/app.js","statementMap":{"0":{"start":{"line":2,"column":0},"end":{"line":2,"column":70}},"1":{"start":{"line":2,"column":44},"end":{"line":2,"column":70}},"2":{"start":{"line":4,"column":16},"end":{"line":4,"column":34}},"3":{"start":{"line":5,"column":12},"end":{"line":5,"column":21}},"4":{"start":{"line":6,"column":13},"end":{"line":6,"column":38}},"5":{"start":{"line":7,"column":15},"end":{"line":7,"column":34}},"6":{"start":{"line":8,"column":13},"end":{"line":8,"column":28}},"7":{"start":{"line":9,"column":22},"end":{"line":9,"column":60}},"8":{"start":{"line":12,"column":0},"end":{"line":12,"column":15}},"9":{"start":{"line":13,"column":0},"end":{"line":13,"column":48}},"10":{"start":{"line":14,"column":0},"end":{"line":14,"column":23}},"11":{"start":{"line":17,"column":0},"end":{"line":17,"column":15}},"12":{"start":{"line":20,"column":0},"end":{"line":20,"column":22}},"13":{"start":{"line":24,"column":0},"end":{"line":24,"column":20}}},"fnMap":{},"branchMap":{"0":{"loc":{"start":{"line":2,"column":0},"end":{"line":2,"column":70}},"type":"if","locations":[{"start":{"line":2,"column":0},"end":{"line":2,"column":70}},{"start":{"line":2,"column":0},"end":{"line":2,"column":70}}],"line":2},"1":{"loc":{"start":{"line":6,"column":13},"end":{"line":6,"column":38}},"type":"binary-expr","locations":[{"start":{"line":6,"column":13},"end":{"line":6,"column":30}},{"start":{"line":6,"column":34},"end":{"line":6,"column":38}}],"line":6}},"s":{"0":1,"1":1,"2":1,"3":1,"4":1,"5":1,"6":1,"7":1,"8":1,"9":1,"10":1,"11":1,"12":1,"13":1},"f":{},"b":{"0":[1,0],"1":[1,0]},"_coverageSchema":"1a1c01bbd47fc00a2c39e90264f33305004495a9","hash":"588615445c2bb8061424e1737ffb95802323ea57"}
,"/home/haekal/hacktiv8/haekaly.h8/phase03/server-Q/server/controllers/EventController.js": {"path":"/home/haekal/hacktiv8/haekaly.h8/phase03/server-Q/server/controllers/EventController.js","statementMap":{"0":{"start":{"line":1,"column":35},"end":{"line":1,"column":55}},"1":{"start":{"line":5,"column":8},"end":{"line":5,"column":30}},"2":{"start":{"line":6,"column":30},"end":{"line":6,"column":44}},"3":{"start":{"line":7,"column":8},"end":{"line":18,"column":20}},"4":{"start":{"line":16,"column":12},"end":{"line":16,"column":38}},"5":{"start":{"line":21,"column":8},"end":{"line":34,"column":20}},"6":{"start":{"line":32,"column":12},"end":{"line":32,"column":38}},"7":{"start":{"line":37,"column":8},"end":{"line":41,"column":20}},"8":{"start":{"line":39,"column":12},"end":{"line":39,"column":38}},"9":{"start":{"line":44,"column":8},"end":{"line":53,"column":20}},"10":{"start":{"line":51,"column":12},"end":{"line":51,"column":38}},"11":{"start":{"line":56,"column":8},"end":{"line":64,"column":20}},"12":{"start":{"line":62,"column":12},"end":{"line":62,"column":38}},"13":{"start":{"line":68,"column":8},"end":{"line":77,"column":20}},"14":{"start":{"line":75,"column":12},"end":{"line":75,"column":38}},"15":{"start":{"line":81,"column":0},"end":{"line":81,"column":32}}},"fnMap":{"0":{"name":"(anonymous_0)","decl":{"start":{"line":4,"column":4},"end":{"line":4,"column":5}},"loc":{"start":{"line":4,"column":39},"end":{"line":19,"column":5}},"line":4},"1":{"name":"(anonymous_1)","decl":{"start":{"line":15,"column":15},"end":{"line":15,"column":16}},"loc":{"start":{"line":15,"column":22},"end":{"line":17,"column":9}},"line":15},"2":{"name":"(anonymous_2)","decl":{"start":{"line":20,"column":4},"end":{"line":20,"column":5}},"loc":{"start":{"line":20,"column":39},"end":{"line":35,"column":5}},"line":20},"3":{"name":"(anonymous_3)","decl":{"start":{"line":31,"column":15},"end":{"line":31,"column":16}},"loc":{"start":{"line":31,"column":22},"end":{"line":33,"column":9}},"line":31},"4":{"name":"(anonymous_4)","decl":{"start":{"line":36,"column":4},"end":{"line":36,"column":5}},"loc":{"start":{"line":36,"column":40},"end":{"line":42,"column":5}},"line":36},"5":{"name":"(anonymous_5)","decl":{"start":{"line":38,"column":15},"end":{"line":38,"column":16}},"loc":{"start":{"line":38,"column":22},"end":{"line":40,"column":9}},"line":38},"6":{"name":"(anonymous_6)","decl":{"start":{"line":43,"column":4},"end":{"line":43,"column":5}},"loc":{"start":{"line":43,"column":35},"end":{"line":54,"column":5}},"line":43},"7":{"name":"(anonymous_7)","decl":{"start":{"line":50,"column":15},"end":{"line":50,"column":16}},"loc":{"start":{"line":50,"column":22},"end":{"line":52,"column":9}},"line":50},"8":{"name":"(anonymous_8)","decl":{"start":{"line":55,"column":4},"end":{"line":55,"column":5}},"loc":{"start":{"line":55,"column":39},"end":{"line":65,"column":5}},"line":55},"9":{"name":"(anonymous_9)","decl":{"start":{"line":61,"column":15},"end":{"line":61,"column":16}},"loc":{"start":{"line":61,"column":22},"end":{"line":63,"column":9}},"line":61},"10":{"name":"(anonymous_10)","decl":{"start":{"line":67,"column":4},"end":{"line":67,"column":5}},"loc":{"start":{"line":67,"column":36},"end":{"line":78,"column":5}},"line":67},"11":{"name":"(anonymous_11)","decl":{"start":{"line":74,"column":15},"end":{"line":74,"column":16}},"loc":{"start":{"line":74,"column":22},"end":{"line":76,"column":9}},"line":74}},"branchMap":{},"s":{"0":1,"1":3,"2":3,"3":3,"4":1,"5":1,"6":1,"7":1,"8":1,"9":1,"10":1,"11":0,"12":0,"13":0,"14":0,"15":1},"f":{"0":3,"1":1,"2":1,"3":1,"4":1,"5":1,"6":1,"7":1,"8":0,"9":0,"10":0,"11":0},"b":{},"_coverageSchema":"1a1c01bbd47fc00a2c39e90264f33305004495a9","hash":"665b0b82cdcf0096657758492c67622d1c40ab72"}
,"/home/haekal/hacktiv8/haekaly.h8/phase03/server-Q/server/controllers/UserController.js": {"path":"/home/haekal/hacktiv8/haekaly.h8/phase03/server-Q/server/controllers/UserController.js","statementMap":{"0":{"start":{"line":1,"column":17},"end":{"line":1,"column":37}},"1":{"start":{"line":2,"column":26},"end":{"line":2,"column":60}},"2":{"start":{"line":3,"column":12},"end":{"line":3,"column":35}},"3":{"start":{"line":7,"column":34},"end":{"line":7,"column":42}},"4":{"start":{"line":8,"column":8},"end":{"line":40,"column":14}},"5":{"start":{"line":10,"column":16},"end":{"line":36,"column":17}},"6":{"start":{"line":11,"column":20},"end":{"line":29,"column":21}},"7":{"start":{"line":12,"column":38},"end":{"line":16,"column":25}},"8":{"start":{"line":17,"column":43},"end":{"line":17,"column":80}},"9":{"start":{"line":18,"column":24},"end":{"line":22,"column":26}},"10":{"start":{"line":24,"column":24},"end":{"line":28,"column":26}},"11":{"start":{"line":31,"column":20},"end":{"line":35,"column":22}},"12":{"start":{"line":39,"column":16},"end":{"line":39,"column":25}},"13":{"start":{"line":43,"column":58},"end":{"line":43,"column":66}},"14":{"start":{"line":44,"column":22},"end":{"line":44,"column":65}},"15":{"start":{"line":45,"column":8},"end":{"line":78,"column":14}},"16":{"start":{"line":47,"column":16},"end":{"line":74,"column":17}},"17":{"start":{"line":48,"column":20},"end":{"line":52,"column":22}},"18":{"start":{"line":54,"column":20},"end":{"line":73,"column":26}},"19":{"start":{"line":56,"column":42},"end":{"line":63,"column":29}},"20":{"start":{"line":64,"column":47},"end":{"line":64,"column":84}},"21":{"start":{"line":65,"column":28},"end":{"line":69,"column":30}},"22":{"start":{"line":72,"column":28},"end":{"line":72,"column":37}},"23":{"start":{"line":77,"column":16},"end":{"line":77,"column":25}},"24":{"start":{"line":82,"column":0},"end":{"line":82,"column":31}}},"fnMap":{"0":{"name":"(anonymous_0)","decl":{"start":{"line":6,"column":4},"end":{"line":6,"column":5}},"loc":{"start":{"line":6,"column":33},"end":{"line":41,"column":5}},"line":6},"1":{"name":"(anonymous_1)","decl":{"start":{"line":9,"column":18},"end":{"line":9,"column":19}},"loc":{"start":{"line":9,"column":26},"end":{"line":37,"column":13}},"line":9},"2":{"name":"(anonymous_2)","decl":{"start":{"line":38,"column":19},"end":{"line":38,"column":20}},"loc":{"start":{"line":38,"column":26},"end":{"line":40,"column":13}},"line":38},"3":{"name":"(anonymous_3)","decl":{"start":{"line":42,"column":4},"end":{"line":42,"column":5}},"loc":{"start":{"line":42,"column":36},"end":{"line":79,"column":5}},"line":42},"4":{"name":"(anonymous_4)","decl":{"start":{"line":46,"column":18},"end":{"line":46,"column":19}},"loc":{"start":{"line":46,"column":26},"end":{"line":75,"column":13}},"line":46},"5":{"name":"(anonymous_5)","decl":{"start":{"line":55,"column":30},"end":{"line":55,"column":31}},"loc":{"start":{"line":55,"column":41},"end":{"line":70,"column":25}},"line":55},"6":{"name":"(anonymous_6)","decl":{"start":{"line":71,"column":31},"end":{"line":71,"column":32}},"loc":{"start":{"line":71,"column":38},"end":{"line":73,"column":25}},"line":71},"7":{"name":"(anonymous_7)","decl":{"start":{"line":76,"column":19},"end":{"line":76,"column":20}},"loc":{"start":{"line":76,"column":26},"end":{"line":78,"column":13}},"line":76}},"branchMap":{"0":{"loc":{"start":{"line":10,"column":16},"end":{"line":36,"column":17}},"type":"if","locations":[{"start":{"line":10,"column":16},"end":{"line":36,"column":17}},{"start":{"line":10,"column":16},"end":{"line":36,"column":17}}],"line":10},"1":{"loc":{"start":{"line":11,"column":20},"end":{"line":29,"column":21}},"type":"if","locations":[{"start":{"line":11,"column":20},"end":{"line":29,"column":21}},{"start":{"line":11,"column":20},"end":{"line":29,"column":21}}],"line":11},"2":{"loc":{"start":{"line":47,"column":16},"end":{"line":74,"column":17}},"type":"if","locations":[{"start":{"line":47,"column":16},"end":{"line":74,"column":17}},{"start":{"line":47,"column":16},"end":{"line":74,"column":17}}],"line":47}},"s":{"0":1,"1":1,"2":1,"3":0,"4":0,"5":0,"6":0,"7":0,"8":0,"9":0,"10":0,"11":0,"12":0,"13":0,"14":0,"15":0,"16":0,"17":0,"18":0,"19":0,"20":0,"21":0,"22":0,"23":0,"24":1},"f":{"0":0,"1":0,"2":0,"3":0,"4":0,"5":0,"6":0,"7":0},"b":{"0":[0,0],"1":[0,0],"2":[0,0]},"_coverageSchema":"1a1c01bbd47fc00a2c39e90264f33305004495a9","hash":"3395586b35e00bbde9d2e919d00b6eda140073c9"}
,"/home/haekal/hacktiv8/haekaly.h8/phase03/server-Q/server/helpers/hashPassword.js": {"path":"/home/haekal/hacktiv8/haekaly.h8/phase03/server-Q/server/helpers/hashPassword.js","statementMap":{"0":{"start":{"line":1,"column":15},"end":{"line":1,"column":34}},"1":{"start":{"line":3,"column":0},"end":{"line":7,"column":1}},"2":{"start":{"line":4,"column":15},"end":{"line":4,"column":37}},"3":{"start":{"line":5,"column":15},"end":{"line":5,"column":46}},"4":{"start":{"line":6,"column":4},"end":{"line":6,"column":15}},"5":{"start":{"line":9,"column":0},"end":{"line":11,"column":1}},"6":{"start":{"line":10,"column":4},"end":{"line":10,"column":45}},"7":{"start":{"line":13,"column":0},"end":{"line":13,"column":48}}},"fnMap":{"0":{"name":"(anonymous_0)","decl":{"start":{"line":3,"column":15},"end":{"line":3,"column":16}},"loc":{"start":{"line":3,"column":29},"end":{"line":7,"column":1}},"line":3},"1":{"name":"(anonymous_1)","decl":{"start":{"line":9,"column":16},"end":{"line":9,"column":17}},"loc":{"start":{"line":9,"column":36},"end":{"line":11,"column":1}},"line":9}},"branchMap":{},"s":{"0":1,"1":1,"2":1,"3":1,"4":1,"5":1,"6":0,"7":1},"f":{"0":1,"1":0},"b":{},"_coverageSchema":"1a1c01bbd47fc00a2c39e90264f33305004495a9","hash":"d81e4a51fe415e5c8f00c982567169db7b34cf1c"}
,"/home/haekal/hacktiv8/haekaly.h8/phase03/server-Q/server/middlewares/auth.js": {"path":"/home/haekal/hacktiv8/haekaly.h8/phase03/server-Q/server/middlewares/auth.js","statementMap":{"0":{"start":{"line":1,"column":17},"end":{"line":1,"column":37}},"1":{"start":{"line":2,"column":18},"end":{"line":2,"column":38}},"2":{"start":{"line":3,"column":12},"end":{"line":3,"column":35}},"3":{"start":{"line":5,"column":0},"end":{"line":23,"column":1}},"4":{"start":{"line":6,"column":18},"end":{"line":6,"column":74}},"5":{"start":{"line":7,"column":4},"end":{"line":22,"column":10}},"6":{"start":{"line":9,"column":12},"end":{"line":18,"column":13}},"7":{"start":{"line":10,"column":16},"end":{"line":10,"column":37}},"8":{"start":{"line":11,"column":16},"end":{"line":11,"column":22}},"9":{"start":{"line":13,"column":16},"end":{"line":17,"column":18}},"10":{"start":{"line":21,"column":12},"end":{"line":21,"column":21}},"11":{"start":{"line":25,"column":0},"end":{"line":49,"column":1}},"12":{"start":{"line":26,"column":4},"end":{"line":48,"column":6}},"13":{"start":{"line":28,"column":8},"end":{"line":44,"column":9}},"14":{"start":{"line":29,"column":12},"end":{"line":33,"column":14}},"15":{"start":{"line":35,"column":12},"end":{"line":43,"column":13}},"16":{"start":{"line":36,"column":16},"end":{"line":36,"column":22}},"17":{"start":{"line":38,"column":16},"end":{"line":42,"column":18}},"18":{"start":{"line":47,"column":8},"end":{"line":47,"column":17}},"19":{"start":{"line":51,"column":0},"end":{"line":51,"column":50}}},"fnMap":{"0":{"name":"(anonymous_0)","decl":{"start":{"line":5,"column":17},"end":{"line":5,"column":18}},"loc":{"start":{"line":5,"column":37},"end":{"line":23,"column":1}},"line":5},"1":{"name":"(anonymous_1)","decl":{"start":{"line":8,"column":14},"end":{"line":8,"column":15}},"loc":{"start":{"line":8,"column":22},"end":{"line":19,"column":9}},"line":8},"2":{"name":"(anonymous_2)","decl":{"start":{"line":20,"column":15},"end":{"line":20,"column":16}},"loc":{"start":{"line":20,"column":22},"end":{"line":22,"column":9}},"line":20},"3":{"name":"(anonymous_3)","decl":{"start":{"line":25,"column":16},"end":{"line":25,"column":17}},"loc":{"start":{"line":25,"column":36},"end":{"line":49,"column":1}},"line":25},"4":{"name":"(anonymous_4)","decl":{"start":{"line":27,"column":10},"end":{"line":27,"column":11}},"loc":{"start":{"line":27,"column":19},"end":{"line":45,"column":5}},"line":27},"5":{"name":"(anonymous_5)","decl":{"start":{"line":46,"column":11},"end":{"line":46,"column":12}},"loc":{"start":{"line":46,"column":18},"end":{"line":48,"column":5}},"line":46}},"branchMap":{"0":{"loc":{"start":{"line":9,"column":12},"end":{"line":18,"column":13}},"type":"if","locations":[{"start":{"line":9,"column":12},"end":{"line":18,"column":13}},{"start":{"line":9,"column":12},"end":{"line":18,"column":13}}],"line":9},"1":{"loc":{"start":{"line":28,"column":8},"end":{"line":44,"column":9}},"type":"if","locations":[{"start":{"line":28,"column":8},"end":{"line":44,"column":9}},{"start":{"line":28,"column":8},"end":{"line":44,"column":9}}],"line":28},"2":{"loc":{"start":{"line":35,"column":12},"end":{"line":43,"column":13}},"type":"if","locations":[{"start":{"line":35,"column":12},"end":{"line":43,"column":13}},{"start":{"line":35,"column":12},"end":{"line":43,"column":13}}],"line":35}},"s":{"0":1,"1":1,"2":1,"3":1,"4":5,"5":4,"6":4,"7":4,"8":4,"9":0,"10":0,"11":1,"12":1,"13":1,"14":0,"15":1,"16":1,"17":0,"18":0,"19":1},"f":{"0":5,"1":4,"2":0,"3":1,"4":1,"5":0},"b":{"0":[4,0],"1":[0,1],"2":[1,0]},"_coverageSchema":"1a1c01bbd47fc00a2c39e90264f33305004495a9","hash":"c0f3bad53b3b6c247294bf8473b62a389c8a0efb"}
,"/home/haekal/hacktiv8/haekaly.h8/phase03/server-Q/server/middlewares/errorHandlers.js": {"path":"/home/haekal/hacktiv8/haekaly.h8/phase03/server-Q/server/middlewares/errorHandlers.js","statementMap":{"0":{"start":{"line":1,"column":22},"end":{"line":33,"column":1}},"1":{"start":{"line":2,"column":17},"end":{"line":2,"column":20}},"2":{"start":{"line":3,"column":17},"end":{"line":3,"column":19}},"3":{"start":{"line":4,"column":21},"end":{"line":8,"column":5}},"4":{"start":{"line":10,"column":4},"end":{"line":32,"column":9}},"5":{"start":{"line":12,"column":12},"end":{"line":12,"column":44}},"6":{"start":{"line":13,"column":12},"end":{"line":13,"column":33}},"7":{"start":{"line":14,"column":12},"end":{"line":16,"column":13}},"8":{"start":{"line":15,"column":14},"end":{"line":15,"column":46}},"9":{"start":{"line":17,"column":12},"end":{"line":17,"column":45}},"10":{"start":{"line":18,"column":12},"end":{"line":18,"column":18}},"11":{"start":{"line":20,"column":12},"end":{"line":20,"column":39}},"12":{"start":{"line":21,"column":12},"end":{"line":21,"column":45}},"13":{"start":{"line":22,"column":12},"end":{"line":22,"column":33}},"14":{"start":{"line":23,"column":12},"end":{"line":23,"column":45}},"15":{"start":{"line":24,"column":12},"end":{"line":24,"column":18}},"16":{"start":{"line":26,"column":12},"end":{"line":26,"column":38}},"17":{"start":{"line":27,"column":12},"end":{"line":27,"column":36}},"18":{"start":{"line":28,"column":12},"end":{"line":28,"column":65}},"19":{"start":{"line":29,"column":12},"end":{"line":29,"column":45}},"20":{"start":{"line":30,"column":12},"end":{"line":30,"column":45}},"21":{"start":{"line":31,"column":12},"end":{"line":31,"column":18}},"22":{"start":{"line":35,"column":0},"end":{"line":35,"column":30}}},"fnMap":{"0":{"name":"(anonymous_0)","decl":{"start":{"line":1,"column":22},"end":{"line":1,"column":23}},"loc":{"start":{"line":1,"column":47},"end":{"line":33,"column":1}},"line":1}},"branchMap":{"0":{"loc":{"start":{"line":10,"column":4},"end":{"line":32,"column":9}},"type":"switch","locations":[{"start":{"line":11,"column":8},"end":{"line":18,"column":18}},{"start":{"line":19,"column":8},"end":{"line":24,"column":18}},{"start":{"line":25,"column":8},"end":{"line":31,"column":18}}],"line":10},"1":{"loc":{"start":{"line":26,"column":21},"end":{"line":26,"column":38}},"type":"binary-expr","locations":[{"start":{"line":26,"column":21},"end":{"line":26,"column":31}},{"start":{"line":26,"column":35},"end":{"line":26,"column":38}}],"line":26},"2":{"loc":{"start":{"line":28,"column":31},"end":{"line":28,"column":65}},"type":"binary-expr","locations":[{"start":{"line":28,"column":31},"end":{"line":28,"column":39}},{"start":{"line":28,"column":43},"end":{"line":28,"column":65}}],"line":28}},"s":{"0":1,"1":3,"2":3,"3":3,"4":3,"5":2,"6":2,"7":2,"8":4,"9":2,"10":2,"11":1,"12":1,"13":1,"14":1,"15":1,"16":0,"17":0,"18":0,"19":0,"20":0,"21":0,"22":1},"f":{"0":3},"b":{"0":[2,1,0],"1":[0,0],"2":[0,0]},"_coverageSchema":"1a1c01bbd47fc00a2c39e90264f33305004495a9","hash":"e6432cd06b11567b4cf8b535d88024b94a144e51"}
,"/home/haekal/hacktiv8/haekaly.h8/phase03/server-Q/server/models/event.js": {"path":"/home/haekal/hacktiv8/haekaly.h8/phase03/server-Q/server/models/event.js","statementMap":{"0":{"start":{"line":2,"column":0},"end":{"line":78,"column":2}},"1":{"start":{"line":3,"column":16},"end":{"line":3,"column":41}},"2":{"start":{"line":5,"column":2},"end":{"line":71,"column":5}},"3":{"start":{"line":53,"column":27},"end":{"line":53,"column":42}},"4":{"start":{"line":54,"column":10},"end":{"line":56,"column":11}},"5":{"start":{"line":55,"column":12},"end":{"line":55,"column":49}},"6":{"start":{"line":72,"column":2},"end":{"line":76,"column":4}},"7":{"start":{"line":75,"column":4},"end":{"line":75,"column":67}},"8":{"start":{"line":77,"column":2},"end":{"line":77,"column":15}}},"fnMap":{"0":{"name":"(anonymous_0)","decl":{"start":{"line":2,"column":17},"end":{"line":2,"column":18}},"loc":{"start":{"line":2,"column":43},"end":{"line":78,"column":1}},"line":2},"1":{"name":"(anonymous_1)","decl":{"start":{"line":52,"column":8},"end":{"line":52,"column":9}},"loc":{"start":{"line":52,"column":26},"end":{"line":57,"column":9}},"line":52},"2":{"name":"(anonymous_2)","decl":{"start":{"line":72,"column":20},"end":{"line":72,"column":21}},"loc":{"start":{"line":72,"column":38},"end":{"line":76,"column":3}},"line":72}},"branchMap":{"0":{"loc":{"start":{"line":54,"column":10},"end":{"line":56,"column":11}},"type":"if","locations":[{"start":{"line":54,"column":10},"end":{"line":56,"column":11}},{"start":{"line":54,"column":10},"end":{"line":56,"column":11}}],"line":54}},"s":{"0":1,"1":1,"2":1,"3":3,"4":3,"5":0,"6":1,"7":1,"8":1},"f":{"0":1,"1":3,"2":1},"b":{"0":[0,3]},"_coverageSchema":"1a1c01bbd47fc00a2c39e90264f33305004495a9","hash":"6d84ae2086af13e021ac3708fe91b2ee68b36d86"}
,"/home/haekal/hacktiv8/haekaly.h8/phase03/server-Q/server/models/index.js": {"path":"/home/haekal/hacktiv8/haekaly.h8/phase03/server-Q/server/models/index.js","statementMap":{"0":{"start":{"line":3,"column":11},"end":{"line":3,"column":24}},"1":{"start":{"line":4,"column":13},"end":{"line":4,"column":28}},"2":{"start":{"line":5,"column":18},"end":{"line":5,"column":38}},"3":{"start":{"line":6,"column":17},"end":{"line":6,"column":42}},"4":{"start":{"line":7,"column":12},"end":{"line":7,"column":49}},"5":{"start":{"line":8,"column":15},"end":{"line":8,"column":65}},"6":{"start":{"line":9,"column":11},"end":{"line":9,"column":13}},"7":{"start":{"line":12,"column":0},"end":{"line":16,"column":1}},"8":{"start":{"line":13,"column":2},"end":{"line":13,"column":74}},"9":{"start":{"line":15,"column":2},"end":{"line":15,"column":87}},"10":{"start":{"line":18,"column":0},"end":{"line":26,"column":5}},"11":{"start":{"line":21,"column":4},"end":{"line":21,"column":90}},"12":{"start":{"line":24,"column":18},"end":{"line":24,"column":65}},"13":{"start":{"line":25,"column":4},"end":{"line":25,"column":27}},"14":{"start":{"line":28,"column":0},"end":{"line":32,"column":3}},"15":{"start":{"line":29,"column":2},"end":{"line":31,"column":3}},"16":{"start":{"line":30,"column":4},"end":{"line":30,"column":32}},"17":{"start":{"line":34,"column":0},"end":{"line":34,"column":25}},"18":{"start":{"line":35,"column":0},"end":{"line":35,"column":25}},"19":{"start":{"line":37,"column":0},"end":{"line":37,"column":20}}},"fnMap":{"0":{"name":"(anonymous_0)","decl":{"start":{"line":20,"column":10},"end":{"line":20,"column":11}},"loc":{"start":{"line":20,"column":18},"end":{"line":22,"column":3}},"line":20},"1":{"name":"(anonymous_1)","decl":{"start":{"line":23,"column":11},"end":{"line":23,"column":12}},"loc":{"start":{"line":23,"column":19},"end":{"line":26,"column":3}},"line":23},"2":{"name":"(anonymous_2)","decl":{"start":{"line":28,"column":24},"end":{"line":28,"column":25}},"loc":{"start":{"line":28,"column":37},"end":{"line":32,"column":1}},"line":28}},"branchMap":{"0":{"loc":{"start":{"line":7,"column":12},"end":{"line":7,"column":49}},"type":"binary-expr","locations":[{"start":{"line":7,"column":12},"end":{"line":7,"column":32}},{"start":{"line":7,"column":36},"end":{"line":7,"column":49}}],"line":7},"1":{"loc":{"start":{"line":12,"column":0},"end":{"line":16,"column":1}},"type":"if","locations":[{"start":{"line":12,"column":0},"end":{"line":16,"column":1}},{"start":{"line":12,"column":0},"end":{"line":16,"column":1}}],"line":12},"2":{"loc":{"start":{"line":21,"column":11},"end":{"line":21,"column":89}},"type":"binary-expr","locations":[{"start":{"line":21,"column":12},"end":{"line":21,"column":35}},{"start":{"line":21,"column":41},"end":{"line":21,"column":58}},{"start":{"line":21,"column":64},"end":{"line":21,"column":88}}],"line":21},"3":{"loc":{"start":{"line":29,"column":2},"end":{"line":31,"column":3}},"type":"if","locations":[{"start":{"line":29,"column":2},"end":{"line":31,"column":3}},{"start":{"line":29,"column":2},"end":{"line":31,"column":3}}],"line":29}},"s":{"0":1,"1":1,"2":1,"3":1,"4":1,"5":1,"6":1,"7":1,"8":0,"9":1,"10":1,"11":4,"12":3,"13":3,"14":1,"15":3,"16":3,"17":1,"18":1,"19":1},"f":{"0":4,"1":3,"2":3},"b":{"0":[1,0],"1":[0,1],"2":[4,4,3],"3":[3,0]},"_coverageSchema":"1a1c01bbd47fc00a2c39e90264f33305004495a9","hash":"e55f16847172b2fb7209f9db4b7009a45c155d45"}
,"/home/haekal/hacktiv8/haekaly.h8/phase03/server-Q/server/models/user.js": {"path":"/home/haekal/hacktiv8/haekaly.h8/phase03/server-Q/server/models/user.js","statementMap":{"0":{"start":{"line":2,"column":25},"end":{"line":2,"column":59}},"1":{"start":{"line":4,"column":0},"end":{"line":120,"column":2}},"2":{"start":{"line":5,"column":16},"end":{"line":5,"column":41}},"3":{"start":{"line":6,"column":13},"end":{"line":6,"column":35}},"4":{"start":{"line":8,"column":2},"end":{"line":113,"column":5}},"5":{"start":{"line":36,"column":10},"end":{"line":45,"column":14}},"6":{"start":{"line":42,"column":14},"end":{"line":44,"column":15}},"7":{"start":{"line":43,"column":16},"end":{"line":43,"column":55}},"8":{"start":{"line":110,"column":8},"end":{"line":110,"column":51}},"9":{"start":{"line":114,"column":2},"end":{"line":118,"column":4}},"10":{"start":{"line":117,"column":4},"end":{"line":117,"column":67}},"11":{"start":{"line":119,"column":2},"end":{"line":119,"column":14}}},"fnMap":{"0":{"name":"(anonymous_0)","decl":{"start":{"line":4,"column":17},"end":{"line":4,"column":18}},"loc":{"start":{"line":4,"column":43},"end":{"line":120,"column":1}},"line":4},"1":{"name":"(anonymous_1)","decl":{"start":{"line":35,"column":8},"end":{"line":35,"column":9}},"loc":{"start":{"line":35,"column":19},"end":{"line":46,"column":9}},"line":35},"2":{"name":"(anonymous_2)","decl":{"start":{"line":41,"column":18},"end":{"line":41,"column":19}},"loc":{"start":{"line":41,"column":27},"end":{"line":45,"column":13}},"line":41},"3":{"name":"(anonymous_3)","decl":{"start":{"line":109,"column":20},"end":{"line":109,"column":21}},"loc":{"start":{"line":109,"column":39},"end":{"line":111,"column":7}},"line":109},"4":{"name":"(anonymous_4)","decl":{"start":{"line":114,"column":19},"end":{"line":114,"column":20}},"loc":{"start":{"line":114,"column":37},"end":{"line":118,"column":3}},"line":114}},"branchMap":{"0":{"loc":{"start":{"line":42,"column":14},"end":{"line":44,"column":15}},"type":"if","locations":[{"start":{"line":42,"column":14},"end":{"line":44,"column":15}},{"start":{"line":42,"column":14},"end":{"line":44,"column":15}}],"line":42}},"s":{"0":1,"1":1,"2":1,"3":1,"4":1,"5":1,"6":1,"7":0,"8":1,"9":1,"10":1,"11":1},"f":{"0":1,"1":1,"2":1,"3":1,"4":1},"b":{"0":[0,1]},"_coverageSchema":"1a1c01bbd47fc00a2c39e90264f33305004495a9","hash":"852cba16baf60598aa0ebe13ebd6e14a7ea851cc"}
,"/home/haekal/hacktiv8/haekaly.h8/phase03/server-Q/server/models/userevent.js": {"path":"/home/haekal/hacktiv8/haekaly.h8/phase03/server-Q/server/models/userevent.js","statementMap":{"0":{"start":{"line":2,"column":0},"end":{"line":41,"column":2}},"1":{"start":{"line":3,"column":16},"end":{"line":3,"column":41}},"2":{"start":{"line":5,"column":2},"end":{"line":34,"column":5}},"3":{"start":{"line":35,"column":2},"end":{"line":39,"column":4}},"4":{"start":{"line":37,"column":4},"end":{"line":37,"column":36}},"5":{"start":{"line":38,"column":4},"end":{"line":38,"column":37}},"6":{"start":{"line":40,"column":2},"end":{"line":40,"column":19}}},"fnMap":{"0":{"name":"(anonymous_0)","decl":{"start":{"line":2,"column":17},"end":{"line":2,"column":18}},"loc":{"start":{"line":2,"column":43},"end":{"line":41,"column":1}},"line":2},"1":{"name":"(anonymous_1)","decl":{"start":{"line":35,"column":24},"end":{"line":35,"column":25}},"loc":{"start":{"line":35,"column":42},"end":{"line":39,"column":3}},"line":35}},"branchMap":{},"s":{"0":1,"1":1,"2":1,"3":1,"4":1,"5":1,"6":1},"f":{"0":1,"1":1},"b":{},"_coverageSchema":"1a1c01bbd47fc00a2c39e90264f33305004495a9","hash":"39e5814bea895c1e305d5bf67d8a5642a812f3ba"}
,"/home/haekal/hacktiv8/haekaly.h8/phase03/server-Q/server/routes/EventRoutes.js": {"path":"/home/haekal/hacktiv8/haekaly.h8/phase03/server-Q/server/routes/EventRoutes.js","statementMap":{"0":{"start":{"line":1,"column":16},"end":{"line":1,"column":34}},"1":{"start":{"line":2,"column":15},"end":{"line":2,"column":31}},"2":{"start":{"line":3,"column":24},"end":{"line":3,"column":65}},"3":{"start":{"line":4,"column":42},"end":{"line":4,"column":72}},"4":{"start":{"line":6,"column":0},"end":{"line":6,"column":45}},"5":{"start":{"line":7,"column":0},"end":{"line":7,"column":54}},"6":{"start":{"line":8,"column":0},"end":{"line":8,"column":43}},"7":{"start":{"line":9,"column":0},"end":{"line":9,"column":61}},"8":{"start":{"line":10,"column":0},"end":{"line":10,"column":78}},"9":{"start":{"line":11,"column":0},"end":{"line":11,"column":80}},"10":{"start":{"line":13,"column":0},"end":{"line":13,"column":23}}},"fnMap":{},"branchMap":{},"s":{"0":1,"1":1,"2":1,"3":1,"4":1,"5":1,"6":1,"7":1,"8":1,"9":1,"10":1},"f":{},"b":{},"_coverageSchema":"1a1c01bbd47fc00a2c39e90264f33305004495a9","hash":"3fa98c80813a087466b50df6b18ed5774da3ba9a"}
,"/home/haekal/hacktiv8/haekaly.h8/phase03/server-Q/server/routes/UserRoutes.js": {"path":"/home/haekal/hacktiv8/haekaly.h8/phase03/server-Q/server/routes/UserRoutes.js","statementMap":{"0":{"start":{"line":1,"column":16},"end":{"line":1,"column":34}},"1":{"start":{"line":2,"column":15},"end":{"line":2,"column":31}},"2":{"start":{"line":3,"column":23},"end":{"line":3,"column":63}},"3":{"start":{"line":5,"column":0},"end":{"line":5,"column":49}},"4":{"start":{"line":6,"column":0},"end":{"line":6,"column":43}},"5":{"start":{"line":8,"column":0},"end":{"line":8,"column":23}}},"fnMap":{},"branchMap":{},"s":{"0":1,"1":1,"2":1,"3":1,"4":1,"5":1},"f":{},"b":{},"_coverageSchema":"1a1c01bbd47fc00a2c39e90264f33305004495a9","hash":"75f74e494df776f6048639bfab39e6d5df53b80a"}
,"/home/haekal/hacktiv8/haekaly.h8/phase03/server-Q/server/routes/index.js": {"path":"/home/haekal/hacktiv8/haekaly.h8/phase03/server-Q/server/routes/index.js","statementMap":{"0":{"start":{"line":1,"column":16},"end":{"line":1,"column":34}},"1":{"start":{"line":2,"column":15},"end":{"line":2,"column":31}},"2":{"start":{"line":3,"column":19},"end":{"line":3,"column":42}},"3":{"start":{"line":4,"column":20},"end":{"line":4,"column":44}},"4":{"start":{"line":6,"column":0},"end":{"line":6,"column":32}},"5":{"start":{"line":7,"column":0},"end":{"line":7,"column":34}},"6":{"start":{"line":9,"column":0},"end":{"line":9,"column":23}}},"fnMap":{},"branchMap":{},"s":{"0":1,"1":1,"2":1,"3":1,"4":1,"5":1,"6":1},"f":{},"b":{},"_coverageSchema":"1a1c01bbd47fc00a2c39e90264f33305004495a9","hash":"73eee7954236dcf4945f2c6c45f0800d4498602e"}
}
