TN:
SF:app.js
FNF:0
FNH:0
DA:2,1
DA:4,1
DA:5,1
DA:6,1
DA:7,1
DA:8,1
DA:9,1
DA:12,1
DA:13,1
DA:14,1
DA:17,1
DA:20,1
DA:24,1
LF:13
LH:13
BRDA:2,0,0,1
BRDA:2,0,1,0
BRDA:6,1,0,1
BRDA:6,1,1,0
BRF:4
BRH:2
end_of_record
TN:
SF:controllers/EventController.js
FN:4,(anonymous_0)
FN:15,(anonymous_1)
FN:20,(anonymous_2)
FN:31,(anonymous_3)
FN:36,(anonymous_4)
FN:38,(anonymous_5)
FN:43,(anonymous_6)
FN:50,(anonymous_7)
FN:55,(anonymous_8)
FN:61,(anonymous_9)
FNF:10
FNH:8
FNDA:3,(anonymous_0)
FNDA:1,(anonymous_1)
FNDA:1,(anonymous_2)
FNDA:1,(anonymous_3)
FNDA:1,(anonymous_4)
FNDA:1,(anonymous_5)
FNDA:1,(anonymous_6)
FNDA:1,(anonymous_7)
FNDA:0,(anonymous_8)
FNDA:0,(anonymous_9)
DA:1,1
DA:5,3
DA:6,3
DA:7,3
DA:16,1
DA:21,1
DA:32,1
DA:37,1
DA:39,1
DA:44,1
DA:51,1
DA:56,0
DA:62,0
DA:69,1
LF:14
LH:12
BRF:0
BRH:0
end_of_record
TN:
SF:controllers/UserController.js
FN:6,(anonymous_0)
FN:9,(anonymous_1)
FN:38,(anonymous_2)
FN:42,(anonymous_3)
FN:46,(anonymous_4)
FN:55,(anonymous_5)
FN:71,(anonymous_6)
FN:76,(anonymous_7)
FNF:8
FNH:0
FNDA:0,(anonymous_0)
FNDA:0,(anonymous_1)
FNDA:0,(anonymous_2)
FNDA:0,(anonymous_3)
FNDA:0,(anonymous_4)
FNDA:0,(anonymous_5)
FNDA:0,(anonymous_6)
FNDA:0,(anonymous_7)
DA:1,1
DA:2,1
DA:3,1
DA:7,0
DA:8,0
DA:10,0
DA:11,0
DA:12,0
DA:17,0
DA:18,0
DA:24,0
DA:31,0
DA:39,0
DA:43,0
DA:44,0
DA:45,0
DA:47,0
DA:48,0
DA:54,0
DA:56,0
DA:64,0
DA:65,0
DA:72,0
DA:77,0
DA:82,1
LF:25
LH:4
BRDA:10,0,0,0
BRDA:10,0,1,0
BRDA:11,1,0,0
BRDA:11,1,1,0
BRDA:47,2,0,0
BRDA:47,2,1,0
BRF:6
BRH:0
end_of_record
TN:
SF:controllers/UserEventController.js
FN:5,(anonymous_0)
FN:17,(anonymous_1)
FN:23,(anonymous_2)
FN:36,(anonymous_3)
FN:42,(anonymous_4)
FN:48,(anonymous_5)
FN:54,(anonymous_6)
FN:61,(anonymous_7)
FNF:8
FNH:0
FNDA:0,(anonymous_0)
FNDA:0,(anonymous_1)
FNDA:0,(anonymous_2)
FNDA:0,(anonymous_3)
FNDA:0,(anonymous_4)
FNDA:0,(anonymous_5)
FNDA:0,(anonymous_6)
FNDA:0,(anonymous_7)
DA:1,1
DA:7,0
DA:8,0
DA:10,0
DA:18,0
DA:25,0
DA:27,0
DA:37,0
DA:43,0
DA:49,0
DA:55,0
DA:62,0
DA:68,1
LF:13
LH:2
BRF:0
BRH:0
end_of_record
TN:
SF:helpers/hashPassword.js
FN:3,(anonymous_0)
FN:9,(anonymous_1)
FNF:2
FNH:1
FNDA:1,(anonymous_0)
FNDA:0,(anonymous_1)
DA:1,1
DA:3,1
DA:4,1
DA:5,1
DA:6,1
DA:9,1
DA:10,0
DA:13,1
LF:8
LH:7
BRF:0
BRH:0
end_of_record
TN:
SF:middlewares/auth.js
FN:5,(anonymous_0)
FN:8,(anonymous_1)
FN:20,(anonymous_2)
FN:25,(anonymous_3)
FN:27,(anonymous_4)
FN:46,(anonymous_5)
FNF:6
FNH:4
FNDA:5,(anonymous_0)
FNDA:4,(anonymous_1)
FNDA:0,(anonymous_2)
FNDA:1,(anonymous_3)
FNDA:1,(anonymous_4)
FNDA:0,(anonymous_5)
DA:1,1
DA:2,1
DA:3,1
DA:5,1
DA:6,5
DA:7,4
DA:9,4
DA:10,4
DA:11,4
DA:13,0
DA:21,0
DA:25,1
DA:26,1
DA:28,1
DA:29,0
DA:35,1
DA:36,1
DA:38,0
DA:47,0
DA:51,1
LF:20
LH:15
BRDA:9,0,0,4
BRDA:9,0,1,0
BRDA:28,1,0,0
BRDA:28,1,1,1
BRDA:35,2,0,1
BRDA:35,2,1,0
BRF:6
BRH:3
end_of_record
TN:
SF:middlewares/errorHandlers.js
FN:1,(anonymous_0)
FNF:1
FNH:1
FNDA:3,(anonymous_0)
DA:1,1
DA:2,3
DA:3,3
DA:4,3
DA:10,3
DA:12,2
DA:13,2
DA:14,2
DA:15,4
DA:17,2
DA:18,2
DA:20,1
DA:21,1
DA:22,1
DA:23,1
DA:24,1
DA:26,0
DA:27,0
DA:28,0
DA:29,0
DA:30,0
DA:31,0
DA:35,1
LF:23
LH:17
BRDA:10,0,0,2
BRDA:10,0,1,1
BRDA:10,0,2,0
BRDA:26,1,0,0
BRDA:26,1,1,0
BRDA:28,2,0,0
BRDA:28,2,1,0
BRF:7
BRH:2
end_of_record
TN:
SF:models/event.js
FN:2,(anonymous_0)
FN:52,(anonymous_1)
FN:72,(anonymous_2)
FNF:3
FNH:3
FNDA:1,(anonymous_0)
FNDA:3,(anonymous_1)
FNDA:1,(anonymous_2)
DA:2,1
DA:3,1
DA:5,1
DA:53,3
DA:54,3
DA:55,0
DA:72,1
DA:75,1
DA:77,1
LF:9
LH:8
BRDA:54,0,0,0
BRDA:54,0,1,3
BRF:2
BRH:1
end_of_record
TN:
SF:models/index.js
FN:20,(anonymous_0)
FN:23,(anonymous_1)
FN:28,(anonymous_2)
FNF:3
FNH:3
FNDA:4,(anonymous_0)
FNDA:3,(anonymous_1)
FNDA:3,(anonymous_2)
DA:3,1
DA:4,1
DA:5,1
DA:6,1
DA:7,1
DA:8,1
DA:9,1
DA:12,1
DA:13,0
DA:15,1
DA:18,1
DA:21,4
DA:24,3
DA:25,3
DA:28,1
DA:29,3
DA:30,3
DA:34,1
DA:35,1
DA:37,1
LF:20
LH:19
BRDA:7,0,0,1
BRDA:7,0,1,0
BRDA:12,1,0,0
BRDA:12,1,1,1
BRDA:21,2,0,4
BRDA:21,2,1,4
BRDA:21,2,2,3
BRDA:29,3,0,3
BRDA:29,3,1,0
BRF:9
BRH:6
end_of_record
TN:
SF:models/user.js
FN:4,(anonymous_0)
FN:35,(anonymous_1)
FN:41,(anonymous_2)
FN:109,(anonymous_3)
FN:114,(anonymous_4)
FNF:5
FNH:5
FNDA:1,(anonymous_0)
FNDA:1,(anonymous_1)
FNDA:1,(anonymous_2)
FNDA:1,(anonymous_3)
FNDA:1,(anonymous_4)
DA:2,1
DA:4,1
DA:5,1
DA:6,1
DA:8,1
DA:36,1
DA:42,1
DA:43,0
DA:110,1
DA:114,1
DA:117,1
DA:119,1
LF:12
LH:11
BRDA:42,0,0,0
BRDA:42,0,1,1
BRF:2
BRH:1
end_of_record
TN:
SF:models/userevent.js
FN:2,(anonymous_0)
FN:35,(anonymous_1)
FNF:2
FNH:2
FNDA:1,(anonymous_0)
FNDA:1,(anonymous_1)
DA:2,1
DA:3,1
DA:5,1
DA:35,1
DA:37,1
DA:38,1
DA:40,1
LF:7
LH:7
BRF:0
BRH:0
end_of_record
TN:
SF:routes/EventRoutes.js
FNF:0
FNH:0
DA:1,1
DA:2,1
DA:3,1
DA:4,1
DA:6,1
DA:7,1
DA:8,1
DA:9,1
DA:10,1
DA:12,1
LF:10
LH:10
BRF:0
BRH:0
end_of_record
TN:
SF:routes/UserEventRoutes.js
FNF:0
FNH:0
DA:1,1
DA:2,1
DA:3,1
DA:5,1
DA:6,1
DA:7,1
DA:8,1
DA:10,1
LF:8
LH:8
BRF:0
BRH:0
end_of_record
TN:
SF:routes/UserRoutes.js
FNF:0
FNH:0
DA:1,1
DA:2,1
DA:3,1
DA:5,1
DA:6,1
DA:8,1
LF:6
LH:6
BRF:0
BRH:0
end_of_record
TN:
SF:routes/index.js
FNF:0
FNH:0
DA:1,1
DA:2,1
DA:3,1
DA:4,1
DA:5,1
DA:7,1
DA:8,1
DA:9,1
DA:11,1
LF:9
LH:9
BRF:0
BRH:0
end_of_record
